#
# There is insufficient memory for the Java Runtime Environment to continue.
# Native memory allocation (mmap) failed to map 266338304 bytes for G1 virtual space
# Possible reasons:
#   The system is out of physical RAM or swap space
#   The process is running with CompressedOops enabled, and the Java Heap may be blocking the growth of the native heap
# Possible solutions:
#   Reduce memory load on the system
#   Increase physical memory or swap space
#   Check if swap backing store is full
#   Decrease Java heap size (-Xmx/-Xms)
#   Decrease number of Java threads
#   Decrease Java thread stack sizes (-Xss)
#   Set larger code cache with -XX:ReservedCodeCacheSize=
#   JVM is running with Zero Based Compressed Oops mode in which the Java heap is
#     placed in the first 32GB address space. The Java Heap base address is the
#     maximum limit for the native heap growth. Please use -XX:HeapBaseMinAddress
#     to set the Java Heap base and to place the Java Heap above 32GB virtual address.
# This output file may be truncated or incomplete.
#
#  Out of Memory Error (os_windows.cpp:3769), pid=16616, tid=3060
#
# JRE version:  (17.0.6) (build )
# Java VM: OpenJDK 64-Bit Server VM (17.0.6+0-b2043.56-9586694, mixed mode, sharing, tiered, compressed oops, compressed class ptrs, g1 gc, windows-amd64)
# No core dump will be written. Minidumps are not enabled by default on client versions of Windows
#

---------------  S U M M A R Y ------------

Command Line: org.jetbrains.kotlin.cli.jvm.K2JVMCompiler @D:\My\U\Noveno Semestre\DANP\Lab\Lab04\app\build\20230529_16863129687533578725.compiler.options

Host: Intel(R) Core(TM) i7-9750H CPU @ 2.60GHz, 12 cores, 15G,  Windows 10 , 64 bit Build 19041 (10.0.19041.2913)
Time: Mon May 29 08:57:39 2023 Hora est. Pacífico, Sudamérica elapsed time: 0.009448 seconds (0d 0h 0m 0s)

---------------  T H R E A D  ---------------

Current thread (0x000001dd1d38a5d0):  JavaThread "Unknown thread" [_thread_in_vm, id=3060, stack(0x000000d2d2400000,0x000000d2d2500000)]

Stack: [0x000000d2d2400000,0x000000d2d2500000]
Native frames: (J=compiled Java code, j=interpreted, Vv=VM code, C=native code)
V  [jvm.dll+0x683b4a]
V  [jvm.dll+0x842654]
V  [jvm.dll+0x843dfe]
V  [jvm.dll+0x844463]
V  [jvm.dll+0x249b75]
V  [jvm.dll+0x680a19]
V  [jvm.dll+0x674f0a]
V  [jvm.dll+0x309acb]
V  [jvm.dll+0x310f86]
V  [jvm.dll+0x3608ee]
V  [jvm.dll+0x360b1f]
V  [jvm.dll+0x2dfbf8]
V  [jvm.dll+0x2e0b64]
V  [jvm.dll+0x813f41]
V  [jvm.dll+0x36e6a1]
V  [jvm.dll+0x7f347c]
V  [jvm.dll+0x3f0e8f]
V  [jvm.dll+0x3f29d1]
C  [jli.dll+0x526b]
C  [ucrtbase.dll+0x21bb2]
C  [KERNEL32.DLL+0x17614]
C  [ntdll.dll+0x526a1]


---------------  P R O C E S S  ---------------

Threads class SMR info:
_java_thread_list=0x00007ffe6b4fc058, length=0, elements={
}

Java Threads: ( => current thread )

Other Threads:
  0x000001dd1d3fa3c0 GCTaskThread "GC Thread#0" [stack: 0x000000d2d2500000,0x000000d2d2600000] [id=11424]
  0x000001dd1d40b090 ConcurrentGCThread "G1 Main Marker" [stack: 0x000000d2d2600000,0x000000d2d2700000] [id=17812]
  0x000001dd1d40cab0 ConcurrentGCThread "G1 Conc#0" [stack: 0x000000d2d2700000,0x000000d2d2800000] [id=3420]

[error occurred during error reporting (printing all threads), id 0xc0000005, EXCEPTION_ACCESS_VIOLATION (0xc0000005) at pc=0x00007ffe6acb0797]

VM state: not at safepoint (not fully initialized)

VM Mutex/Monitor currently owned by a thread:  ([mutex/lock_event])
[0x000001dd1d385d30] Heap_lock - owner thread: 0x000001dd1d38a5d0

Heap address: 0x0000000702600000, size: 4058 MB, Compressed Oops mode: Zero based, Oop shift amount: 3

CDS archive(s) mapped at: [0x0000000000000000-0x0000000000000000-0x0000000000000000), size 0, SharedBaseAddress: 0x0000000800000000, ArchiveRelocationMode: 0.
Narrow klass base: 0x0000000000000000, Narrow klass shift: 0, Narrow klass range: 0x0

GC Precious Log:
<Empty>

Heap:
 garbage-first heap   total 0K, used 0K [0x0000000702600000, 0x0000000800000000)
  region size 2048K, 0 young (0K), 0 survivors (0K)

[error occurred during error reporting (printing heap information), id 0xc0000005, EXCEPTION_ACCESS_VIOLATION (0xc0000005) at pc=0x00007ffe6b09d939]

GC Heap History (0 events):
No events

Dll operation events (1 events):
Event: 0.005 Loaded shared library C:\Program Files\Android\Android Studio\jbr\bin\java.dll

Deoptimization events (0 events):
No events

Classes unloaded (0 events):
No events

Classes redefined (0 events):
No events

Internal exceptions (0 events):
No events

VM Operations (0 events):
No events

Events (0 events):
No events


Dynamic libraries:
0x00007ff7fe840000 - 0x00007ff7fe84a000 	C:\Program Files\Android\Android Studio\jbr\bin\java.exe
0x00007ffee3710000 - 0x00007ffee3908000 	C:\WINDOWS\SYSTEM32\ntdll.dll
0x00007ffee2e70000 - 0x00007ffee2f2f000 	C:\WINDOWS\System32\KERNEL32.DLL
0x00007ffee1360000 - 0x00007ffee1656000 	C:\WINDOWS\System32\KERNELBASE.dll
0x00007ffee1140000 - 0x00007ffee1240000 	C:\WINDOWS\System32\ucrtbase.dll
0x00007ffec2590000 - 0x00007ffec25a7000 	C:\Program Files\Android\Android Studio\jbr\bin\jli.dll
0x00007ffec24d0000 - 0x00007ffec24eb000 	C:\Program Files\Android\Android Studio\jbr\bin\VCRUNTIME140.dll
0x00007ffee2f90000 - 0x00007ffee312d000 	C:\WINDOWS\System32\USER32.dll
0x00007ffee1660000 - 0x00007ffee1682000 	C:\WINDOWS\System32\win32u.dll
0x00007ffee1950000 - 0x00007ffee197c000 	C:\WINDOWS\System32\GDI32.dll
0x00007ffed4cb0000 - 0x00007ffed4f4a000 	C:\WINDOWS\WinSxS\amd64_microsoft.windows.common-controls_6595b64144ccf1df_6.0.19041.1110_none_60b5254171f9507e\COMCTL32.dll
0x00007ffee1240000 - 0x00007ffee1355000 	C:\WINDOWS\System32\gdi32full.dll
0x00007ffee18b0000 - 0x00007ffee194e000 	C:\WINDOWS\System32\msvcrt.dll
0x00007ffee0fc0000 - 0x00007ffee105d000 	C:\WINDOWS\System32\msvcp_win.dll
0x00007ffee1780000 - 0x00007ffee17b0000 	C:\WINDOWS\System32\IMM32.DLL
0x00007ffed63b0000 - 0x00007ffed63bc000 	C:\Program Files\Android\Android Studio\jbr\bin\vcruntime140_1.dll
0x00007ffeb2b80000 - 0x00007ffeb2c0d000 	C:\Program Files\Android\Android Studio\jbr\bin\msvcp140.dll
0x00007ffe6a9c0000 - 0x00007ffe6b62d000 	C:\Program Files\Android\Android Studio\jbr\bin\server\jvm.dll
0x00007ffee1990000 - 0x00007ffee1a3f000 	C:\WINDOWS\System32\ADVAPI32.dll
0x00007ffee1810000 - 0x00007ffee18ac000 	C:\WINDOWS\System32\sechost.dll
0x00007ffee29d0000 - 0x00007ffee2af6000 	C:\WINDOWS\System32\RPCRT4.dll
0x00007ffec6500000 - 0x00007ffec6509000 	C:\WINDOWS\SYSTEM32\WSOCK32.dll
0x00007ffebaad0000 - 0x00007ffebaaf7000 	C:\WINDOWS\SYSTEM32\WINMM.dll
0x00007ffeda120000 - 0x00007ffeda12a000 	C:\WINDOWS\SYSTEM32\VERSION.dll
0x00007ffee3660000 - 0x00007ffee36cb000 	C:\WINDOWS\System32\WS2_32.dll
0x00007ffedf640000 - 0x00007ffedf652000 	C:\WINDOWS\SYSTEM32\kernel.appcore.dll
0x00007ffedb240000 - 0x00007ffedb24a000 	C:\Program Files\Android\Android Studio\jbr\bin\jimage.dll
0x00007ffedf360000 - 0x00007ffedf544000 	C:\WINDOWS\SYSTEM32\DBGHELP.DLL
0x00007ffecfab0000 - 0x00007ffecfae4000 	C:\WINDOWS\SYSTEM32\dbgcore.DLL
0x00007ffee10b0000 - 0x00007ffee1132000 	C:\WINDOWS\System32\bcryptPrimitives.dll
0x00007ffecfc10000 - 0x00007ffecfc35000 	C:\Program Files\Android\Android Studio\jbr\bin\java.dll

dbghelp: loaded successfully - version: 4.0.5 - missing functions: none
symbol engine: initialized successfully - sym options: 0x614 - pdb path: .;C:\Program Files\Android\Android Studio\jbr\bin;C:\WINDOWS\SYSTEM32;C:\WINDOWS\WinSxS\amd64_microsoft.windows.common-controls_6595b64144ccf1df_6.0.19041.1110_none_60b5254171f9507e;C:\Program Files\Android\Android Studio\jbr\bin\server

VM Arguments:
java_command: org.jetbrains.kotlin.cli.jvm.K2JVMCompiler @D:\My\U\Noveno Semestre\DANP\Lab\Lab04\app\build\20230529_16863129687533578725.compiler.options
java_class_path (initial): C:\Users\v\.gradle\caches\modules-2\files-2.1\org.jetbrains.kotlin\kotlin-compiler-embeddable\1.7.20\8db18559a581dd2c36ddfd5046af145650f5b126\kotlin-compiler-embeddable-1.7.20.jar;C:\Users\v\.gradle\caches\modules-2\files-2.1\org.jetbrains.kotlin\kotlin-reflect\1.7.20\12b2501e33bb6373e8e347c86d85481863629381\kotlin-reflect-1.7.20.jar;C:\Users\v\.gradle\caches\modules-2\files-2.1\org.jetbrains.kotlin\kotlin-stdlib\1.7.20\726594ea9ba2beb2ee113647fefa9a10f9fabe52\kotlin-stdlib-1.7.20.jar;C:\Users\v\.gradle\caches\modules-2\files-2.1\org.jetbrains.kotlin\kotlin-script-runtime\1.7.20\bcd1cc6f865e632550357fcc59f5ffd532615a8\kotlin-script-runtime-1.7.20.jar;C:\Users\v\.gradle\caches\modules-2\files-2.1\org.jetbrains.kotlin\kotlin-daemon-embeddable\1.7.20\1e24355adad8d529d75d5b19eab55484057431ba\kotlin-daemon-embeddable-1.7.20.jar;C:\Users\v\.gradle\caches\modules-2\files-2.1\org.jetbrains.intellij.deps\trove4j\1.0.20200330\3afb14d5f9ceb459d724e907a21145e8ff394f02\trove4j-1.0.20200330.jar;C:\Users\v\.gradle\caches\modules-2\files-2.1\net.java.dev.jna\jna\5.6.0\330f2244e9030119ab3030fc3fededc86713d9cc\jna-5.6.0.jar;C:\Users\v\.gradle\caches\modules-2\files-2.1\org.jetbrains.kotlin\kotlin-stdlib-common\1.7.20\e15351bdaf9fa06f009be5da7a202e4184f00ae3\kotlin-stdlib-common-1.7.20.jar;C:\Users\v\.gradle\caches\modules-2\files-2.1\org.jetbrains\annotations\13.0\919f0dfe192fb4e063e7dacadee7f8bb9a2672a9\annotations-13.0.jar
Launcher Type: SUN_STANDARD

[Global flags]
     intx CICompilerCount                          = 4                                         {product} {ergonomic}
     uint ConcGCThreads                            = 3                                         {product} {ergonomic}
     uint G1ConcRefinementThreads                  = 10                                        {product} {ergonomic}
   size_t G1HeapRegionSize                         = 2097152                                   {product} {ergonomic}
    uintx GCDrainStackTargetSize                   = 64                                        {product} {ergonomic}
   size_t InitialHeapSize                          = 266338304                                 {product} {ergonomic}
   size_t MarkStackSize                            = 4194304                                   {product} {ergonomic}
   size_t MaxHeapSize                              = 4255121408                                {product} {ergonomic}
   size_t MinHeapDeltaBytes                        = 2097152                                   {product} {ergonomic}
   size_t MinHeapSize                              = 8388608                                   {product} {ergonomic}
    uintx NonNMethodCodeHeapSize                   = 5839372                                {pd product} {ergonomic}
    uintx NonProfiledCodeHeapSize                  = 122909434                              {pd product} {ergonomic}
    uintx ProfiledCodeHeapSize                     = 122909434                              {pd product} {ergonomic}
    uintx ReservedCodeCacheSize                    = 251658240                              {pd product} {ergonomic}
     bool SegmentedCodeCache                       = true                                      {product} {ergonomic}
   size_t SoftMaxHeapSize                          = 4255121408                             {manageable} {ergonomic}
     bool UseCompressedClassPointers               = true                           {product lp64_product} {ergonomic}
     bool UseCompressedOops                        = true                           {product lp64_product} {ergonomic}
     bool UseG1GC                                  = true                                      {product} {ergonomic}
     bool UseLargePagesIndividualAllocation        = false                                  {pd product} {ergonomic}

Logging:
Log output configuration:
 #0: stdout all=warning uptime,level,tags
 #1: stderr all=off uptime,level,tags

Environment Variables:
JAVA_HOME=C:\Program Files\Java\jdk1.8.0_211
PATH=C:\Program Files (x86)\Google\Chrome\Application;C:\Program Files (x86)\Common Files\Oracle\Java\javapath;C:\Program Files\Java\jdk-11.0.15.1\bin;C:\Program Files\Java\jre1.8.0_271\bin;C:\Windows\system32;C:\Windows;C:\Windows\System32\Wbem;C:\Windows\System32\WindowsPowerShell\v1.0\;C:\Windows\System32\OpenSSH\;C:\Program Files (x86)\NVIDIA Corporation\PhysX\Common;C:\Program Files\NVIDIA Corporation\NVIDIA NvDLISR;C:\WINDOWS\system32;C:\WINDOWS;C:\WINDOWS\System32\Wbem;C:\WINDOWS\System32\WindowsPowerShell\v1.0\;C:\WINDOWS\System32\OpenSSH\;C:\Program Files\Git\cmd;C:\Program Files (x86)\GnuWin32\bin;D:\Programas\bin;C:\Program Files\MySQL\MySQL Enterprise Backup 8.0\\bin;C:\Bison\GnuWin32\bin;C:\Program Files\MySQL\MySQL Server 8.0\bin;C:\Program Files\MATLAB\R2021b\bin\win64;D:\My\U\Sexto Semestre\CS;C:\Program Files\gnuplot\bin;C:\Program Files\dotnet\;C:\Program Files\Microsoft SQL Server\130\Tools\Binn\;C:\Program Files\Microsoft SQL Server\Client SDK\ODBC\170\Tools\Binn\;C:\Program Files\TortoiseSVN\bin;C:\Program Files\nodejs\;D:\My\U\Octavo Semestre\AFEV\NuSMV-2.6.0-win64\bin;C:\Program Files\Calibre2\;C:\Program Files\Docker\Docker\resources\bin;C:\Program Files\GitHub CLI\;C:\Users\v\AppData\Local\pnpm;C:\Program Files\Java\jdk-11.0.15.1\bin;C:\Program Files\MySQL\MySQL Shell 8.0\bin\;C:\Users\v\AppData\Local\Programs\Python\Python38\Scripts\;C:\Users\v\AppData\Local\Programs\Python\Python38\;C:\Users\v\AppData\Local\Programs\Microsoft VS Code\bin;C:\Users\v\AppData\Local\Microsoft\WindowsApps;C:\Users\v\.dotnet\tools;C:\Program Files\JetBrains\IntelliJ IDEA Community Edition 2021.3.2\bin;;C:\Program Files (x86)\Nmap;C:\Program Files\Java\jre1.8.0_271\bin;C:\Users\v\AppData\Roaming\npm
USERNAME=v
OS=Windows_NT
PROCESSOR_IDENTIFIER=Intel64 Family 6 Model 158 Stepping 10, GenuineIntel
TMP=C:\Users\v\AppData\Local\Temp
TEMP=C:\Users\v\AppData\Local\Temp



---------------  S Y S T E M  ---------------

OS:
 Windows 10 , 64 bit Build 19041 (10.0.19041.2913)
OS uptime: 0 days 1:42 hours

CPU: total 12 (initial active 12) (6 cores per cpu, 2 threads per core) family 6 model 158 stepping 10 microcode 0xb4, cx8, cmov, fxsr, ht, mmx, 3dnowpref, sse, sse2, sse3, ssse3, sse4.1, sse4.2, popcnt, lzcnt, tsc, tscinvbit, avx, avx2, aes, erms, clmul, bmi1, bmi2, adx, fma, vzeroupper, clflush, clflushopt

Memory: 4k page, system-wide physical 16231M (732M free)
TotalPageFile size 20965M (AvailPageFile size 118M)
current process WorkingSet (physical memory assigned to process): 10M, peak: 10M
current process commit charge ("private bytes"): 64M, peak: 318M

vm_info: OpenJDK 64-Bit Server VM (17.0.6+0-b2043.56-9586694) for windows-amd64 JRE (17.0.6+0-b2043.56-9586694), built on Feb  9 2023 20:06:20 by "androidbuild" with MS VC++ 16.10 / 16.11 (VS2019)

END.
